<?xml version="1.0" encoding="UTF-8"?>
<!-- Generated by org.testng.reporters.JUnitReportReporter -->
<testsuite hostname="DESKTOP-9IHVQDP" failures="0" tests="2" name="Testngpackage.paralrBrowsers" time="72.659" errors="0" timestamp="2022-08-27T11:44:33 IST" skipped="0">
  <testcase classname="Testngpackage.paralrBrowsers" name="parallelExe" time="34.281"/>
  <system-out/>
  <testcase classname="Testngpackage.paralrBrowsers" name="parallelExe" time="38.378"/>
  <system-out/>
</testsuite> <!-- Testngpackage.paralrBrowsers -->
