<?xml version="1.0" encoding="UTF-8"?>
<!-- Generated by org.testng.reporters.JUnitReportReporter -->
<testsuite hostname="DESKTOP-9IHVQDP" failures="0" tests="6" name="Testngpackage.pg5" time="0.065" errors="0" timestamp="2022-08-13T11:27:08 IST" skipped="0">
  <testcase classname="Testngpackage.pg5" name="registerUser" time="0.007"/>
  <system-out>
    <![CDATA[User3registered]]>
  </system-out>
  <testcase classname="Testngpackage.pg5" name="registerUser" time="0.004"/>
  <system-out>
    <![CDATA[User5registered]]>
  </system-out>
  <testcase classname="Testngpackage.pg5" name="registerUser" time="0.021"/>
  <system-out>
    <![CDATA[User1registered]]>
  </system-out>
  <testcase classname="Testngpackage.pg5" name="registerUser" time="0.010"/>
  <system-out>
    <![CDATA[User2registered]]>
  </system-out>
  <testcase classname="Testngpackage.pg5" name="registerUser" time="0.007"/>
  <system-out>
    <![CDATA[User4registered]]>
  </system-out>
  <testcase classname="Testngpackage.pg5" name="registerUser" time="0.016"/>
  <system-out>
    <![CDATA[User6registered]]>
  </system-out>
</testsuite> <!-- Testngpackage.pg5 -->
