<?xml version="1.0" encoding="UTF-8"?>
<!-- Generated by org.testng.reporters.JUnitReportReporter -->
<testsuite hostname="DESKTOP-9IHVQDP" failures="0" tests="1" name="Testngpackage.printReport" time="0.026" errors="0" timestamp="2022-08-28T15:33:37 IST" skipped="0">
  <testcase classname="Testngpackage.printReport" name="f" time="0.026"/>
  <system-out>
    <![CDATA[hello]]>
  </system-out>
</testsuite> <!-- Testngpackage.printReport -->
