<?xml version="1.0" encoding="UTF-8"?>
<!-- Generated by org.testng.reporters.JUnitReportReporter -->
<testsuite hostname="DESKTOP-9IHVQDP" failures="0" tests="1" name="Testngpackage.data" time="12.127" errors="0" timestamp="2022-08-20T12:32:12 IST" skipped="0">
  <testcase classname="Testngpackage.data" name="f" time="12.127"/>
  <system-out/>
</testsuite> <!-- Testngpackage.data -->
