<?xml version="1.0" encoding="UTF-8"?>
<!-- Generated by org.testng.reporters.JUnitReportReporter -->
<testsuite hostname="DESKTOP-9IHVQDP" failures="0" tests="2" name="Testngpackage.Compatability" time="20.747" errors="0" timestamp="2022-08-21T12:25:00 IST" skipped="0">
  <testcase classname="Testngpackage.Compatability" name="parallelExe" time="10.373"/>
  <system-out/>
  <testcase classname="Testngpackage.Compatability" name="parallelExe" time="10.374"/>
  <system-out/>
</testsuite> <!-- Testngpackage.Compatability -->
