<?xml version="1.0" encoding="UTF-8"?>
<!-- Generated by org.testng.reporters.JUnitReportReporter -->
<testsuite hostname="DESKTOP-9IHVQDP" failures="0" tests="7" name="Testngpackage.group" time="0.061" errors="0" timestamp="2022-08-28T15:46:10 IST" skipped="0">
  <testcase classname="Testngpackage.group" name="loginUser" time="0.008"/>
  <system-out>
    <![CDATA[User login]]>
  </system-out>
  <testcase classname="Testngpackage.group" name="regusercus" time="0.004"/>
  <system-out>
    <![CDATA[User,cus registered]]>
  </system-out>
  <testcase classname="Testngpackage.group" name="cusUser" time="0.012"/>
  <system-out>
    <![CDATA[cus login]]>
  </system-out>
  <testcase classname="Testngpackage.group" name="delUser" time="0.006"/>
  <system-out>
    <![CDATA[User deleted]]>
  </system-out>
  <testcase classname="Testngpackage.group" name="regcus" time="0.013"/>
  <system-out>
    <![CDATA[cus registered]]>
  </system-out>
  <testcase classname="Testngpackage.group" name="delcus" time="0.010"/>
  <system-out>
    <![CDATA[cus deleted]]>
  </system-out>
  <testcase classname="Testngpackage.group" name="regUser" time="0.008"/>
  <system-out>
    <![CDATA[User registered]]>
  </system-out>
</testsuite> <!-- Testngpackage.group -->
