<?xml version="1.0" encoding="UTF-8"?>
<!-- Generated by org.testng.reporters.JUnitReportReporter -->
<testsuite hostname="DESKTOP-9IHVQDP" failures="0" tests="3" name="Testngpackage.pg4" time="0.047" errors="0" timestamp="2022-08-13T10:54:09 IST" skipped="0">
  <testcase classname="Testngpackage.pg4" name="registerUser" time="0.009"/>
  <system-out>
    <![CDATA[User registered]]>
  </system-out>
  <testcase classname="Testngpackage.pg4" name="registerUser" time="0.031"/>
  <system-out>
    <![CDATA[User registered]]>
  </system-out>
  <testcase classname="Testngpackage.pg4" name="registerUser" time="0.007"/>
  <system-out>
    <![CDATA[User registered]]>
  </system-out>
</testsuite> <!-- Testngpackage.pg4 -->
