<?xml version="1.0" encoding="UTF-8"?>
<!-- Generated by org.testng.reporters.JUnitReportReporter -->
<testsuite hostname="DESKTOP-9IHVQDP" failures="0" tests="6" name="Testngpackage.stringDataProvider" time="0.026" errors="0" timestamp="2022-09-03T10:08:43 IST" skipped="0">
  <testcase classname="Testngpackage.stringDataProvider" name="registerUser" time="0.002"/>
  <system-out>
    <![CDATA[User5registered]]>
  </system-out>
  <testcase classname="Testngpackage.stringDataProvider" name="registerUser" time="0.001"/>
  <system-out>
    <![CDATA[User6registered]]>
  </system-out>
  <testcase classname="Testngpackage.stringDataProvider" name="registerUser" time="0.003"/>
  <system-out>
    <![CDATA[User2registered]]>
  </system-out>
  <testcase classname="Testngpackage.stringDataProvider" name="registerUser" time="0.003"/>
  <system-out>
    <![CDATA[User4registered]]>
  </system-out>
  <testcase classname="Testngpackage.stringDataProvider" name="registerUser" time="0.014"/>
  <system-out>
    <![CDATA[User1registered]]>
  </system-out>
  <testcase classname="Testngpackage.stringDataProvider" name="registerUser" time="0.003"/>
  <system-out>
    <![CDATA[User3registered]]>
  </system-out>
</testsuite> <!-- Testngpackage.stringDataProvider -->
