<?xml version="1.0" encoding="UTF-8"?>
<!-- Generated by org.testng.reporters.JUnitReportReporter -->
<testsuite hostname="DESKTOP-9IHVQDP" failures="0" tests="1" name="Testngpackage.Compatability1" time="10.649" errors="0" timestamp="2022-08-21T10:59:19 IST" skipped="0">
  <testcase classname="Testngpackage.Compatability1" name="parExe" time="10.649"/>
  <system-out/>
</testsuite> <!-- Testngpackage.Compatability1 -->
