<?xml version="1.0" encoding="UTF-8"?>
<!-- Generated by org.testng.reporters.JUnitReportReporter -->
<testsuite hostname="DESKTOP-9IHVQDP" failures="0" tests="1" name="Testngpackage.testngp2" time="0.030" errors="0" timestamp="2022-08-07T11:50:37 IST" skipped="0">
  <testcase classname="Testngpackage.testngp2" name="f" time="0.030"/>
  <system-out>
    <![CDATA[hello]]>
  </system-out>
</testsuite> <!-- Testngpackage.testngp2 -->
