<?xml version="1.0" encoding="UTF-8"?>
<!-- Generated by org.testng.reporters.JUnitReportReporter -->
<testsuite hostname="DESKTOP-9IHVQDP" failures="0" tests="1" name="Testngpackage.Compatability1java" time="11.267" errors="0" timestamp="2022-08-21T11:06:37 IST" skipped="0">
  <testcase classname="Testngpackage.Compatability1java" name="parExe" time="11.267"/>
  <system-out/>
</testsuite> <!-- Testngpackage.Compatability1java -->
