<?xml version="1.0" encoding="UTF-8"?>
<!-- Generated by org.testng.reporters.JUnitReportReporter -->
<testsuite hostname="DESKTOP-9IHVQDP" failures="0" tests="5" name="Testngpackage.testngpg6" time="0.049" errors="0" timestamp="2022-08-13T11:43:59 IST" skipped="0">
  <testcase classname="Testngpackage.testngpg6" name="userRegister" time="0.007"/>
  <system-out>
    <![CDATA[ User 1 Register ]]>
  </system-out>
  <testcase classname="Testngpackage.testngpg6" name="userRegister" time="0.010"/>
  <system-out>
    <![CDATA[ User 123.87 Register ]]>
  </system-out>
  <testcase classname="Testngpackage.testngpg6" name="userRegister" time="0.005"/>
  <system-out>
    <![CDATA[ User Alan Register ]]>
  </system-out>
  <testcase classname="Testngpackage.testngpg6" name="userRegister" time="0.018"/>
  <system-out>
    <![CDATA[ User true Register ]]>
  </system-out>
  <testcase classname="Testngpackage.testngpg6" name="userRegister" time="0.009"/>
  <system-out>
    <![CDATA[ User A Register ]]>
  </system-out>
</testsuite> <!-- Testngpackage.testngpg6 -->
