<?xml version="1.0" encoding="UTF-8"?>
<!-- Generated by org.testng.reporters.JUnitReportReporter -->
<testsuite hostname="DESKTOP-9IHVQDP" failures="0" tests="3" name="Testngpackage.testngpg3" time="0.041" errors="0" timestamp="2022-08-13T10:32:52 IST" skipped="0">
  <testcase classname="Testngpackage.testngpg3" name="deleteUser" time="0.031"/>
  <system-out>
    <![CDATA[User deleted]]>
  </system-out>
  <testcase classname="Testngpackage.testngpg3" name="editRegister" time="0.004"/>
  <system-out>
    <![CDATA[User edited]]>
  </system-out>
  <testcase classname="Testngpackage.testngpg3" name="registerUser" time="0.006"/>
  <system-out>
    <![CDATA[User registered]]>
  </system-out>
</testsuite> <!-- Testngpackage.testngpg3 -->
