<?xml version="1.0" encoding="UTF-8"?>
<!-- Generated by org.testng.reporters.JUnitReportReporter -->
<testsuite hostname="DESKTOP-9IHVQDP" failures="0" tests="2" name="Testngpackage.newTest1" time="0.048" errors="0" timestamp="2022-08-14T10:58:41 IST" skipped="0">
  <testcase classname="Testngpackage.newTest1" name="a" time="0.017"/>
  <system-out>
    <![CDATA[hello]]>
  </system-out>
  <testcase classname="Testngpackage.newTest1" name="a" time="0.031"/>
  <system-out>
    <![CDATA[hello]]>
  </system-out>
</testsuite> <!-- Testngpackage.newTest1 -->
