<?xml version="1.0" encoding="UTF-8"?>
<!-- Generated by org.testng.reporters.JUnitReportReporter -->
<testsuite hostname="DESKTOP-9IHVQDP" failures="0" tests="2" name="Testngpackage.prePostCond" time="0.040" errors="0" timestamp="2022-08-13T12:18:59 IST" skipped="0">
  <testcase classname="Testngpackage.prePostCond" name="update" time="0.018"/>
  <system-out>
    <![CDATA[update]]>
  </system-out>
  <testcase classname="Testngpackage.prePostCond" name="delete" time="0.022"/>
  <system-out>
    <![CDATA[delete]]>
  </system-out>
</testsuite> <!-- Testngpackage.prePostCond -->
