<?xml version="1.0" encoding="UTF-8"?>
<!-- Generated by org.testng.reporters.JUnitReportReporter -->
<testsuite hostname="DESKTOP-9IHVQDP" failures="0" tests="1" name="Testngpackage.newTest2" time="0.016" errors="0" timestamp="2022-08-14T10:58:41 IST" skipped="0">
  <testcase classname="Testngpackage.newTest2" name="a" time="0.016"/>
  <system-out>
    <![CDATA[hello world]]>
  </system-out>
</testsuite> <!-- Testngpackage.newTest2 -->
