<?xml version="1.0" encoding="UTF-8"?>
<!-- Generated by org.testng.reporters.JUnitReportReporter -->
<testsuite hostname="DESKTOP-9IHVQDP" failures="0" tests="1" name="Testngpackage.testngp1" time="0.036" errors="0" timestamp="2022-08-07T11:49:22 IST" skipped="0">
  <testcase classname="Testngpackage.testngp1" name="f" time="0.036"/>
  <system-out/>
</testsuite> <!-- Testngpackage.testngp1 -->
